  Main.cpp
C:\Users\ASUS\OneDrive - KMITL\Desktop\SKYPOP-master\Gameover.h(3,1): warning C4005: 'MAX_ITEMS': macro redefinition
C:\Users\ASUS\OneDrive - KMITL\Desktop\SKYPOP-master\Menu.h(3): message : see previous definition of 'MAX_ITEMS'
C:\Users\ASUS\OneDrive - KMITL\Desktop\SKYPOP-master\Main.cpp(51,51): warning C4244: 'argument': conversion from 'T' to 'float', possible loss of data
          with
          [
              T=unsigned int
          ]
C:\Users\ASUS\OneDrive - KMITL\Desktop\SKYPOP-master\Main.cpp(51,31): warning C4244: 'argument': conversion from 'T' to 'float', possible loss of data
          with
          [
              T=unsigned int
          ]
C:\Users\ASUS\OneDrive - KMITL\Desktop\SKYPOP-master\Main.cpp(52,59): warning C4244: 'argument': conversion from 'T' to 'float', possible loss of data
          with
          [
              T=unsigned int
          ]
C:\Users\ASUS\OneDrive - KMITL\Desktop\SKYPOP-master\Main.cpp(52,39): warning C4244: 'argument': conversion from 'T' to 'float', possible loss of data
          with
          [
              T=unsigned int
          ]
C:\Users\ASUS\OneDrive - KMITL\Desktop\SKYPOP-master\Main.cpp(53,57): warning C4244: 'argument': conversion from 'T' to 'float', possible loss of data
          with
          [
              T=unsigned int
          ]
C:\Users\ASUS\OneDrive - KMITL\Desktop\SKYPOP-master\Main.cpp(53,37): warning C4244: 'argument': conversion from 'T' to 'float', possible loss of data
          with
          [
              T=unsigned int
          ]
C:\Users\ASUS\OneDrive - KMITL\Desktop\SKYPOP-master\Main.cpp(159,49): warning C4244: 'argument': conversion from 'int' to 'float', possible loss of data
C:\Users\ASUS\OneDrive - KMITL\Desktop\SKYPOP-master\Main.cpp(159,37): warning C4244: 'argument': conversion from 'int' to 'float', possible loss of data
C:\Users\ASUS\OneDrive - KMITL\Desktop\SKYPOP-master\Main.cpp(166,48): warning C4244: 'argument': conversion from 'int' to 'float', possible loss of data
C:\Users\ASUS\OneDrive - KMITL\Desktop\SKYPOP-master\Main.cpp(166,36): warning C4244: 'argument': conversion from 'int' to 'float', possible loss of data
C:\Users\ASUS\OneDrive - KMITL\Desktop\SKYPOP-master\Main.cpp(179,64): warning C4244: 'argument': conversion from 'float' to 'T', possible loss of data
          with
          [
              T=int
          ]
C:\Users\ASUS\OneDrive - KMITL\Desktop\SKYPOP-master\Main.cpp(179,57): warning C4244: 'argument': conversion from 'float' to 'T', possible loss of data
          with
          [
              T=int
          ]
C:\Users\ASUS\OneDrive - KMITL\Desktop\SKYPOP-master\Main.cpp(179,46): warning C4244: 'argument': conversion from 'float' to 'T', possible loss of data
          with
          [
              T=int
          ]
C:\Users\ASUS\OneDrive - KMITL\Desktop\SKYPOP-master\Main.cpp(179,36): warning C4244: 'argument': conversion from 'float' to 'T', possible loss of data
          with
          [
              T=int
          ]
C:\Users\ASUS\OneDrive - KMITL\Desktop\SKYPOP-master\Main.cpp(190,14): warning C4244: 'initializing': conversion from 'const T' to 'int', possible loss of data
          with
          [
              T=float
          ]
C:\Users\ASUS\OneDrive - KMITL\Desktop\SKYPOP-master\Main.cpp(191,14): warning C4244: 'initializing': conversion from 'const T' to 'int', possible loss of data
          with
          [
              T=float
          ]
C:\Users\ASUS\OneDrive - KMITL\Desktop\SKYPOP-master\Main.cpp(193,54): warning C4244: 'argument': conversion from 'int' to 'T', possible loss of data
          with
          [
              T=float
          ]
C:\Users\ASUS\OneDrive - KMITL\Desktop\SKYPOP-master\Main.cpp(193,48): warning C4244: 'argument': conversion from 'int' to 'T', possible loss of data
          with
          [
              T=float
          ]
C:\Users\ASUS\OneDrive - KMITL\Desktop\SKYPOP-master\Main.cpp(230,14): warning C4244: 'initializing': conversion from 'const T' to 'int', possible loss of data
          with
          [
              T=float
          ]
C:\Users\ASUS\OneDrive - KMITL\Desktop\SKYPOP-master\Main.cpp(231,14): warning C4244: 'initializing': conversion from 'const T' to 'int', possible loss of data
          with
          [
              T=float
          ]
C:\Users\ASUS\OneDrive - KMITL\Desktop\SKYPOP-master\Main.cpp(233,53): warning C4244: 'argument': conversion from 'int' to 'T', possible loss of data
          with
          [
              T=float
          ]
C:\Users\ASUS\OneDrive - KMITL\Desktop\SKYPOP-master\Main.cpp(233,47): warning C4244: 'argument': conversion from 'int' to 'T', possible loss of data
          with
          [
              T=float
          ]
C:\Users\ASUS\OneDrive - KMITL\Desktop\SKYPOP-master\Main.cpp(309,60): warning C4244: 'argument': conversion from 'int' to 'float', possible loss of data
C:\Users\ASUS\OneDrive - KMITL\Desktop\SKYPOP-master\Main.cpp(309,48): warning C4244: 'argument': conversion from 'int' to 'float', possible loss of data
C:\Users\ASUS\OneDrive - KMITL\Desktop\SKYPOP-master\Main.cpp(310,61): warning C4244: 'argument': conversion from 'int' to 'float', possible loss of data
C:\Users\ASUS\OneDrive - KMITL\Desktop\SKYPOP-master\Main.cpp(310,49): warning C4244: 'argument': conversion from 'int' to 'float', possible loss of data
C:\Users\ASUS\OneDrive - KMITL\Desktop\SKYPOP-master\Main.cpp(419,72): warning C4244: 'argument': conversion from 'float' to 'T', possible loss of data
          with
          [
              T=int
          ]
C:\Users\ASUS\OneDrive - KMITL\Desktop\SKYPOP-master\Main.cpp(419,65): warning C4244: 'argument': conversion from 'float' to 'T', possible loss of data
          with
          [
              T=int
          ]
C:\Users\ASUS\OneDrive - KMITL\Desktop\SKYPOP-master\Main.cpp(419,54): warning C4244: 'argument': conversion from 'float' to 'T', possible loss of data
          with
          [
              T=int
          ]
C:\Users\ASUS\OneDrive - KMITL\Desktop\SKYPOP-master\Main.cpp(419,44): warning C4244: 'argument': conversion from 'float' to 'T', possible loss of data
          with
          [
              T=int
          ]
C:\Users\ASUS\OneDrive - KMITL\Desktop\SKYPOP-master\Main.cpp(423,81): warning C4244: 'argument': conversion from 'float' to 'T', possible loss of data
          with
          [
              T=int
          ]
C:\Users\ASUS\OneDrive - KMITL\Desktop\SKYPOP-master\Main.cpp(423,73): warning C4244: 'argument': conversion from 'float' to 'T', possible loss of data
          with
          [
              T=int
          ]
C:\Users\ASUS\OneDrive - KMITL\Desktop\SKYPOP-master\Main.cpp(423,62): warning C4244: 'argument': conversion from 'float' to 'T', possible loss of data
          with
          [
              T=int
          ]
C:\Users\ASUS\OneDrive - KMITL\Desktop\SKYPOP-master\Main.cpp(423,53): warning C4244: 'argument': conversion from 'float' to 'T', possible loss of data
          with
          [
              T=int
          ]
C:\Users\ASUS\OneDrive - KMITL\Desktop\SKYPOP-master\Main.cpp(632,72): warning C4244: 'argument': conversion from 'int' to 'float', possible loss of data
C:\Users\ASUS\OneDrive - KMITL\Desktop\SKYPOP-master\Main.cpp(632,60): warning C4244: 'argument': conversion from 'int' to 'float', possible loss of data
C:\Users\ASUS\OneDrive - KMITL\Desktop\SKYPOP-master\Main.cpp(633,73): warning C4244: 'argument': conversion from 'int' to 'float', possible loss of data
C:\Users\ASUS\OneDrive - KMITL\Desktop\SKYPOP-master\Main.cpp(633,61): warning C4244: 'argument': conversion from 'int' to 'float', possible loss of data
C:\Users\ASUS\OneDrive - KMITL\Desktop\SKYPOP-master\Main.cpp(682,72): warning C4244: 'argument': conversion from 'int' to 'float', possible loss of data
C:\Users\ASUS\OneDrive - KMITL\Desktop\SKYPOP-master\Main.cpp(682,60): warning C4244: 'argument': conversion from 'int' to 'float', possible loss of data
C:\Users\ASUS\OneDrive - KMITL\Desktop\SKYPOP-master\Main.cpp(683,73): warning C4244: 'argument': conversion from 'int' to 'float', possible loss of data
C:\Users\ASUS\OneDrive - KMITL\Desktop\SKYPOP-master\Main.cpp(683,61): warning C4244: 'argument': conversion from 'int' to 'float', possible loss of data
C:\Users\ASUS\OneDrive - KMITL\Desktop\SKYPOP-master\Main.cpp(738,68): warning C4244: 'argument': conversion from 'int' to 'float', possible loss of data
C:\Users\ASUS\OneDrive - KMITL\Desktop\SKYPOP-master\Main.cpp(738,56): warning C4244: 'argument': conversion from 'int' to 'float', possible loss of data
C:\Users\ASUS\OneDrive - KMITL\Desktop\SKYPOP-master\Main.cpp(739,69): warning C4244: 'argument': conversion from 'int' to 'float', possible loss of data
C:\Users\ASUS\OneDrive - KMITL\Desktop\SKYPOP-master\Main.cpp(739,57): warning C4244: 'argument': conversion from 'int' to 'float', possible loss of data
C:\Users\ASUS\OneDrive - KMITL\Desktop\SKYPOP-master\Main.cpp(874,43): warning C4244: 'argument': conversion from 'int' to 'float', possible loss of data
C:\Users\ASUS\OneDrive - KMITL\Desktop\SKYPOP-master\Main.cpp(882,43): warning C4244: 'argument': conversion from 'int' to 'float', possible loss of data
C:\Users\ASUS\OneDrive - KMITL\Desktop\SKYPOP-master\Main.cpp(943,46): warning C4244: 'argument': conversion from 'double' to 'float', possible loss of data
  SFML.vcxproj -> C:\Users\ASUS\OneDrive - KMITL\Desktop\SKYPOP-master\x64\Debug\SFMLtemp.exe
